Performing C SOURCE FILE Test CMAKE_HAVE_LIBC_PTHREAD failed with the following output:
Change Dir: /usr/made/made_advance_cpp_autumn_2022/set/build/CMakeFiles/CMakeTmp

Run Build Command(s):/usr/bin/gmake cmTC_e6786/fast && /usr/bin/gmake  -f CMakeFiles/cmTC_e6786.dir/build.make CMakeFiles/cmTC_e6786.dir/build
gmake[1]: Entering directory '/usr/made/made_advance_cpp_autumn_2022/set/build/CMakeFiles/CMakeTmp'
Building C object CMakeFiles/cmTC_e6786.dir/src.c.o
/usr/bin/cc   -DCMAKE_HAVE_LIBC_PTHREAD -o CMakeFiles/cmTC_e6786.dir/src.c.o -c /usr/made/made_advance_cpp_autumn_2022/set/build/CMakeFiles/CMakeTmp/src.c
Linking C executable cmTC_e6786
/usr/bin/cmake -E cmake_link_script CMakeFiles/cmTC_e6786.dir/link.txt --verbose=1
/usr/bin/cc  -DCMAKE_HAVE_LIBC_PTHREAD  -Wall -Wextra -coverage -lgcov  CMakeFiles/cmTC_e6786.dir/src.c.o -o cmTC_e6786 
/usr/bin/ld: CMakeFiles/cmTC_e6786.dir/src.c.o: in function `main':
src.c:(.text+0x2f): undefined reference to `pthread_create'
/usr/bin/ld: src.c:(.text+0x3b): undefined reference to `pthread_detach'
/usr/bin/ld: src.c:(.text+0x47): undefined reference to `pthread_cancel'
/usr/bin/ld: src.c:(.text+0x58): undefined reference to `pthread_join'
collect2: error: ld returned 1 exit status
gmake[1]: *** [CMakeFiles/cmTC_e6786.dir/build.make:106: cmTC_e6786] Error 1
gmake[1]: Leaving directory '/usr/made/made_advance_cpp_autumn_2022/set/build/CMakeFiles/CMakeTmp'
gmake: *** [Makefile:140: cmTC_e6786/fast] Error 2


Source file was:
#include <pthread.h>

void* test_func(void* data)
{
  return data;
}

int main(void)
{
  pthread_t thread;
  pthread_create(&thread, NULL, test_func, NULL);
  pthread_detach(thread);
  pthread_cancel(thread);
  pthread_join(thread, NULL);
  pthread_atfork(NULL, NULL, NULL);
  pthread_exit(NULL);

  return 0;
}

Determining if the function pthread_create exists in the pthreads failed with the following output:
Change Dir: /usr/made/made_advance_cpp_autumn_2022/set/build/CMakeFiles/CMakeTmp

Run Build Command(s):/usr/bin/gmake cmTC_a3f25/fast && /usr/bin/gmake  -f CMakeFiles/cmTC_a3f25.dir/build.make CMakeFiles/cmTC_a3f25.dir/build
gmake[1]: Entering directory '/usr/made/made_advance_cpp_autumn_2022/set/build/CMakeFiles/CMakeTmp'
Building C object CMakeFiles/cmTC_a3f25.dir/CheckFunctionExists.c.o
/usr/bin/cc   -DCHECK_FUNCTION_EXISTS=pthread_create -o CMakeFiles/cmTC_a3f25.dir/CheckFunctionExists.c.o -c /usr/share/cmake-3.18/Modules/CheckFunctionExists.c
Linking C executable cmTC_a3f25
/usr/bin/cmake -E cmake_link_script CMakeFiles/cmTC_a3f25.dir/link.txt --verbose=1
/usr/bin/cc  -DCHECK_FUNCTION_EXISTS=pthread_create  -Wall -Wextra -coverage -lgcov  CMakeFiles/cmTC_a3f25.dir/CheckFunctionExists.c.o -o cmTC_a3f25  -lpthreads 
/usr/bin/ld: cannot find -lpthreads
collect2: error: ld returned 1 exit status
gmake[1]: *** [CMakeFiles/cmTC_a3f25.dir/build.make:106: cmTC_a3f25] Error 1
gmake[1]: Leaving directory '/usr/made/made_advance_cpp_autumn_2022/set/build/CMakeFiles/CMakeTmp'
gmake: *** [Makefile:140: cmTC_a3f25/fast] Error 2



